{
  "timestamp": "2024-03-24T17:15:00Z",
  "level": "WARN",
  "service": "auth-service",
  "event": "login_failed",
  "user": "john.doe@company.com",
  "source_ip": "192.0.2.100",
  "reason": "invalid_password",
  "attempt_count": 1,
  "user_agent": "Mozilla/5.0 (Windows NT 10.0; Win64; x64) AppleWebKit/537.36"
}
{
  "timestamp": "2024-03-24T17:15:03Z",
  "level": "WARN",
  "service": "auth-service",
  "event": "login_failed",
  "user": "john.doe@company.com",
  "source_ip": "192.0.2.100",
  "reason": "invalid_password",
  "attempt_count": 2,
  "user_agent": "Mozilla/5.0 (Windows NT 10.0; Win64; x64) AppleWebKit/537.36"
}
{
  "timestamp": "2024-03-24T17:15:06Z",
  "level": "WARN",
  "service": "auth-service",
  "event": "login_failed",
  "user": "john.doe@company.com",
  "source_ip": "192.0.2.100",
  "reason": "invalid_password",
  "attempt_count": 3,
  "user_agent": "Mozilla/5.0 (Windows NT 10.0; Win64; x64) AppleWebKit/537.36"
}
{
  "timestamp": "2024-03-24T17:15:09Z",
  "level": "ERROR",
  "service": "auth-service",
  "event": "account_locked",
  "user": "john.doe@company.com",
  "source_ip": "192.0.2.100",
  "reason": "max_attempts_exceeded",
  "locked_duration_minutes": 30
}
{
  "timestamp": "2024-03-24T17:16:00Z",
  "level": "WARN",
  "service": "auth-service",
  "event": "login_failed",
  "user": "admin@company.com",
  "source_ip": "185.220.101.75",
  "reason": "invalid_password",
  "attempt_count": 1,
  "user_agent": "curl/7.68.0"
}
{
  "timestamp": "2024-03-24T17:16:02Z",
  "level": "WARN",
  "service": "auth-service",
  "event": "login_failed",
  "user": "admin@company.com",
  "source_ip": "185.220.101.75",
  "reason": "invalid_password",
  "attempt_count": 2,
  "user_agent": "curl/7.68.0"
}
{
  "timestamp": "2024-03-24T17:16:04Z",
  "level": "WARN",
  "service": "auth-service",
  "event": "login_failed",
  "user": "admin@company.com",
  "source_ip": "185.220.101.75",
  "reason": "invalid_password",
  "attempt_count": 3,
  "user_agent": "curl/7.68.0"
}
{
  "timestamp": "2024-03-24T17:17:15Z",
  "level": "CRITICAL",
  "service": "auth-service",
  "event": "suspicious_login",
  "user": "jane.smith@company.com",
  "source_ip": "103.251.167.50",
  "location": "Moscow, Russia",
  "previous_location": "New York, USA",
  "time_since_last_login_hours": 0.5,
  "distance_km": 7500,
  "flag": "impossible_travel"
}
{
  "timestamp": "2024-03-24T17:18:00Z",
  "level": "WARN",
  "service": "auth-service",
  "event": "mfa_failed",
  "user": "bob.jones@company.com",
  "source_ip": "198.51.100.200",
  "reason": "invalid_token",
  "attempt_count": 1
}
{
  "timestamp": "2024-03-24T17:18:05Z",
  "level": "WARN",
  "service": "auth-service",
  "event": "mfa_failed",
  "user": "bob.jones@company.com",
  "source_ip": "198.51.100.200",
  "reason": "invalid_token",
  "attempt_count": 2
}
{
  "timestamp": "2024-03-24T17:18:10Z",
  "level": "ERROR",
  "service": "auth-service",
  "event": "mfa_bypass_attempt",
  "user": "bob.jones@company.com",
  "source_ip": "198.51.100.200",
  "details": "Multiple invalid tokens with different user agents"
}
{
  "timestamp": "2024-03-24T17:20:00Z",
  "level": "CRITICAL",
  "service": "auth-service",
  "event": "privilege_escalation_attempt",
  "user": "regular.user@company.com",
  "source_ip": "10.0.1.150",
  "attempted_action": "admin_panel_access",
  "current_role": "user",
  "requested_role": "admin"
}
{
  "timestamp": "2024-03-24T17:22:30Z",
  "level": "ERROR",
  "service": "auth-service",
  "event": "token_theft_suspected",
  "user": "alice.williams@company.com",
  "original_ip": "10.0.1.25",
  "suspicious_ip": "45.142.120.100",
  "same_session_different_ips": true,
  "tokens_used_simultaneously": 2
}
{
  "timestamp": "2024-03-24T17:25:00Z",
  "level": "WARN",
  "service": "auth-service",
  "event": "password_spray_detected",
  "source_ip": "203.0.113.150",
  "unique_accounts_attempted": 50,
  "time_window_minutes": 5,
  "pattern": "common_password_attack"
}
{
  "timestamp": "2024-03-24T17:30:00Z",
  "level": "CRITICAL",
  "service": "auth-service",
  "event": "admin_account_accessed",
  "user": "superadmin@company.com",
  "source_ip": "185.220.101.200",
  "location": "Unknown",
  "time": "17:30:00 UTC",
  "flag": "unusual_access_time",
  "normal_access_hours": "09:00-17:00 EST"
}
